<?xml version="1.0" encoding="UTF-8"?>
<!-- Generated by org.testng.reporters.JUnitReportReporter -->
<testsuite skipped="3" hostname="Manokaran" name="maventest.TestCasesTest" tests="5" failures="0" timestamp="12 Jul 2020 09:52:31 GMT" time="0.014" errors="0">
  <testcase name="methodDiv" time="0.003" classname="maventest.TestCasesTest">
    <skipped/>
  </testcase> <!-- methodDiv -->
  <testcase name="methodSub" time="0.001" classname="maventest.TestCasesTest">
    <skipped/>
  </testcase> <!-- methodSub -->
  <testcase name="methodMul" time="0.003" classname="maventest.TestCasesTest"/>
  <testcase name="methodSqr" time="0.001" classname="maventest.TestCasesTest"/>
  <testcase name="methodAdd" time="0.006" classname="maventest.TestCasesTest">
    <skipped/>
  </testcase> <!-- methodAdd -->
</testsuite> <!-- maventest.TestCasesTest -->
