<?xml version="1.0" encoding="UTF-8"?>
<!-- Generated by org.testng.reporters.JUnitReportReporter -->
<testsuite skipped="0" hostname="Manokaran" name="maventest.LogicalOperation" tests="2" failures="0" timestamp="13 Jul 2020 06:48:04 GMT" time="0.008" errors="0">
  <testcase name="methodAnd" time="0.006" classname="maventest.LogicalOperation"/>
  <testcase name="methodOr" time="0.002" classname="maventest.LogicalOperation"/>
</testsuite> <!-- maventest.LogicalOperation -->
