<?xml version="1.0" encoding="UTF-8"?>
<!-- Generated by org.testng.reporters.JUnitReportReporter -->
<testsuite skipped="3" hostname="Manokaran" name="maventest.TestCasesTest" tests="5" failures="0" timestamp="10 Jul 2020 20:25:53 GMT" time="0.029" errors="0">
  <testcase name="methodSub" time="0.002" classname="maventest.TestCasesTest"/>
  <testcase name="methodDiv" time="0.003" classname="maventest.TestCasesTest">
    <skipped/>
  </testcase> <!-- methodDiv -->
  <testcase name="methodSqr" time="0.005" classname="maventest.TestCasesTest"/>
  <testcase name="methodAdd" time="0.008" classname="maventest.TestCasesTest">
    <skipped/>
  </testcase> <!-- methodAdd -->
  <testcase name="methodMul" time="0.011" classname="maventest.TestCasesTest">
    <skipped/>
  </testcase> <!-- methodMul -->
</testsuite> <!-- maventest.TestCasesTest -->
