<?xml version="1.0" encoding="UTF-8"?>
<!-- Generated by org.testng.reporters.JUnitReportReporter -->
<testsuite skipped="3" hostname="Manokaran" name="maventest.RelationalOperation" tests="4" failures="0" timestamp="13 Jul 2020 06:48:04 GMT" time="0.008" errors="0">
  <testcase name="methodLessThanOrEqual" time="0.002" classname="maventest.RelationalOperation">
    <skipped/>
  </testcase> <!-- methodLessThanOrEqual -->
  <testcase name="methodGreaterThanOrEqual" time="0.002" classname="maventest.RelationalOperation">
    <skipped/>
  </testcase> <!-- methodGreaterThanOrEqual -->
  <testcase name="methodLessThan" time="0.001" classname="maventest.RelationalOperation"/>
  <testcase name="methodGreaterThan" time="0.003" classname="maventest.RelationalOperation">
    <skipped/>
  </testcase> <!-- methodGreaterThan -->
</testsuite> <!-- maventest.RelationalOperation -->
