<?xml version="1.0" encoding="UTF-8"?>
<!-- Generated by org.testng.reporters.JUnitReportReporter -->
<testsuite skipped="2" hostname="Manokaran" name="maventest.RelationalOperation" tests="4" failures="0" timestamp="12 Jul 2020 17:51:28 GMT" time="0.006" errors="0">
  <testcase name="methodLessThanOrEqual" time="0.002" classname="maventest.RelationalOperation"/>
  <testcase name="methodGreaterThanOrEqual" time="0.001" classname="maventest.RelationalOperation"/>
  <testcase name="methodLessThan" time="0.001" classname="maventest.RelationalOperation">
    <skipped/>
  </testcase> <!-- methodLessThan -->
  <testcase name="methodGreaterThan" time="0.002" classname="maventest.RelationalOperation">
    <skipped/>
  </testcase> <!-- methodGreaterThan -->
</testsuite> <!-- maventest.RelationalOperation -->
