<?xml version="1.0" encoding="UTF-8"?>
<!-- Generated by org.testng.reporters.JUnitReportReporter -->
<testsuite skipped="3" hostname="Manokaran" name="maventest.ArithmeticOperation" tests="4" failures="0" timestamp="13 Jul 2020 19:51:07 GMT" time="0.011" errors="0">
  <testcase name="methodMul" time="0.001" classname="maventest.ArithmeticOperation">
    <skipped/>
  </testcase> <!-- methodMul -->
  <testcase name="methodSub" time="0.002" classname="maventest.ArithmeticOperation">
    <skipped/>
  </testcase> <!-- methodSub -->
  <testcase name="methodDiv" time="0.001" classname="maventest.ArithmeticOperation">
    <skipped/>
  </testcase> <!-- methodDiv -->
  <testcase name="methodAdd" time="0.007" classname="maventest.ArithmeticOperation"/>
</testsuite> <!-- maventest.ArithmeticOperation -->
