<?xml version="1.0" encoding="UTF-8"?>
<!-- Generated by org.testng.reporters.JUnitReportReporter -->
<testsuite skipped="1" hostname="Manokaran" name="maventest.LogicalOperation" tests="2" failures="0" timestamp="13 Jul 2020 19:51:07 GMT" time="0.003" errors="0">
  <testcase name="methodOr" time="0.002" classname="maventest.LogicalOperation"/>
  <testcase name="methodAnd" time="0.001" classname="maventest.LogicalOperation">
    <skipped/>
  </testcase> <!-- methodAnd -->
</testsuite> <!-- maventest.LogicalOperation -->
