<?xml version="1.0" encoding="UTF-8"?>
<!-- Generated by org.testng.reporters.JUnitReportReporter -->
<testsuite skipped="3" hostname="Manokaran" name="maventest.ArithmeticOperation" tests="4" failures="0" timestamp="13 Jul 2020 10:28:11 GMT" time="0.022" errors="0">
  <testcase name="methodMul" time="0.003" classname="maventest.ArithmeticOperation">
    <skipped/>
  </testcase> <!-- methodMul -->
  <testcase name="methodAdd" time="0.011" classname="maventest.ArithmeticOperation"/>
  <testcase name="methodDiv" time="0.005" classname="maventest.ArithmeticOperation">
    <skipped/>
  </testcase> <!-- methodDiv -->
  <testcase name="methodSub" time="0.003" classname="maventest.ArithmeticOperation">
    <skipped/>
  </testcase> <!-- methodSub -->
</testsuite> <!-- maventest.ArithmeticOperation -->
