<?xml version="1.0" encoding="UTF-8"?>
<!-- Generated by org.testng.reporters.JUnitReportReporter -->
<testsuite skipped="2" hostname="Manokaran" name="maventest.ArithmeticOperation" tests="4" failures="0" timestamp="12 Jul 2020 17:51:28 GMT" time="0.019" errors="0">
  <testcase name="methodMul" time="0.002" classname="maventest.ArithmeticOperation"/>
  <testcase name="methodAdd" time="0.010" classname="maventest.ArithmeticOperation">
    <skipped/>
  </testcase> <!-- methodAdd -->
  <testcase name="methodDiv" time="0.005" classname="maventest.ArithmeticOperation"/>
  <testcase name="methodSub" time="0.002" classname="maventest.ArithmeticOperation">
    <skipped/>
  </testcase> <!-- methodSub -->
</testsuite> <!-- maventest.ArithmeticOperation -->
