<?xml version="1.0" encoding="UTF-8"?>
<!-- Generated by org.testng.reporters.JUnitReportReporter -->
<testsuite skipped="1" hostname="Manokaran" name="maventest.LogicalOperation" tests="2" failures="0" timestamp="13 Jul 2020 10:28:11 GMT" time="0.004" errors="0">
  <testcase name="methodAnd" time="0.002" classname="maventest.LogicalOperation">
    <skipped/>
  </testcase> <!-- methodAnd -->
  <testcase name="methodOr" time="0.002" classname="maventest.LogicalOperation"/>
</testsuite> <!-- maventest.LogicalOperation -->
