<?xml version="1.0" encoding="UTF-8"?>
<!-- Generated by org.testng.reporters.JUnitReportReporter -->
<testsuite skipped="0" hostname="Manokaran" name="maventest.maventest" tests="1" failures="0" timestamp="06 Jul 2020 13:11:36 GMT" time="0.016" errors="0">
  <testcase name="readTestCaseFromGit" time="0.016" classname="maventest.maventest"/>
</testsuite> <!-- maventest.maventest -->
