<?xml version="1.0" encoding="UTF-8"?>
<!-- Generated by org.testng.reporters.JUnitReportReporter -->
<testsuite skipped="4" hostname="Manokaran" name="maventest.ArithmeticOperation" tests="4" failures="0" timestamp="13 Jul 2020 06:48:04 GMT" time="0.014" errors="0">
  <testcase name="methodDiv" time="0.002" classname="maventest.ArithmeticOperation">
    <skipped/>
  </testcase> <!-- methodDiv -->
  <testcase name="methodMul" time="0.002" classname="maventest.ArithmeticOperation">
    <skipped/>
  </testcase> <!-- methodMul -->
  <testcase name="methodAdd" time="0.009" classname="maventest.ArithmeticOperation">
    <skipped/>
  </testcase> <!-- methodAdd -->
  <testcase name="methodSub" time="0.001" classname="maventest.ArithmeticOperation">
    <skipped/>
  </testcase> <!-- methodSub -->
</testsuite> <!-- maventest.ArithmeticOperation -->
