<?xml version="1.0" encoding="UTF-8"?>
<!-- Generated by org.testng.reporters.JUnitReportReporter -->
<testsuite skipped="1" hostname="Manokaran" name="maventest.LogicalOperation" tests="2" failures="0" timestamp="12 Jul 2020 17:51:28 GMT" time="0.002" errors="0">
  <testcase name="methodAnd" time="0.001" classname="maventest.LogicalOperation"/>
  <testcase name="methodOr" time="0.001" classname="maventest.LogicalOperation">
    <skipped/>
  </testcase> <!-- methodOr -->
</testsuite> <!-- maventest.LogicalOperation -->
